<?xml version="1.0" encoding="UTF-8"?>
<!-- Generated by org.testng.reporters.JUnitXMLReporter -->
<testsuite ignored="1" hostname="Lucifer" failures="0" tests="1" name="Default test" time="13.411" errors="0" timestamp="2025-08-25T22:52:00 IST">
  <testcase classname="com.orangehrm.test.LoginPageTest" name="inValidLoginTest" time="4.174"/>
  <testcase classname="com.orangehrm.test.LoginPageTest" name="verifyValidLoginTest" time="0.0">
    <ignored/>
  </testcase> <!-- verifyValidLoginTest -->
</testsuite> <!-- Default test -->
