<?xml version="1.0" encoding="UTF-8"?>
<!-- Generated by org.testng.reporters.JUnitXMLReporter -->
<testsuite ignored="1" hostname="Lucifer" failures="0" tests="1" name="Default test" time="11.144" errors="0" timestamp="2025-08-26T15:01:54 IST">
  <testcase classname="com.orangehrm.test.LoginPageTest" name="inValidLoginTest" time="4.225"/>
  <testcase classname="com.orangehrm.test.LoginPageTest" name="verifyValidLoginTest" time="0.0">
    <ignored/>
  </testcase> <!-- verifyValidLoginTest -->
</testsuite> <!-- Default test -->
