<?xml version="1.0" encoding="UTF-8"?>
<!-- Generated by org.testng.reporters.JUnitXMLReporter -->
<testsuite ignored="2" hostname="Lucifer" failures="0" tests="4" name="OrangeHRMTest_chrome" time="22.107" errors="0" timestamp="2025-08-31T16:19:29 IST">
  <testcase classname="com.orangehrm.test.DummyClassTest" name="dummyTest" time="3.307"/>
  <testcase classname="com.orangehrm.test.LoginPageTest" name="inValidLoginTest" time="5.546"/>
  <testcase classname="com.orangehrm.test.HomePageTest" name="verifyOrangeHRMLogo" time="0.722"/>
  <testcase classname="com.orangehrm.test.LoginPageTest" name="verifyValidLoginTest" time="7.001"/>
  <testcase classname="com.orangehrm.base.BaseClass" name="@BeforeSuite loadConfig" time="0.0">
    <ignored/>
  </testcase> <!-- @BeforeSuite loadConfig -->
  <testcase classname="com.orangehrm.base.BaseClass" name="@BeforeSuite loadConfig" time="0.0">
    <ignored/>
  </testcase> <!-- @BeforeSuite loadConfig -->
</testsuite> <!-- OrangeHRMTest_chrome -->
