<?xml version="1.0" encoding="UTF-8"?>
<!-- Generated by org.testng.reporters.JUnitXMLReporter -->
<testsuite ignored="0" hostname="Lucifer" failures="1" tests="3" name="OrangeHRMTest_edge" time="171.224" errors="0" timestamp="2025-09-19T01:54:38 IST">
  <testcase classname="com.orangehrm.test.HomePageTest" name="verifyOrangeHRMLogo" time="36.012">
    <skipped/>
  </testcase> <!-- verifyOrangeHRMLogo -->
  <testcase classname="com.orangehrm.test.HomePageTest" name="verifyOrangeHRMLogo" time="32.549">
    <skipped/>
  </testcase> <!-- verifyOrangeHRMLogo -->
  <testcase classname="com.orangehrm.test.HomePageTest" name="verifyOrangeHRMLogo" time="32.693">
    <failure type="java.lang.AssertionError" message="This is not HomePage expected [true] but found [false]">
      <![CDATA[java.lang.AssertionError: This is not HomePage expected [true] but found [false]
at com.orangehrm.test.HomePageTest.verifyOrangeHRMLogo(HomePageTest.java:29)
at java.base/java.util.ArrayList.forEach(ArrayList.java:1596)
at java.base/java.util.concurrent.FutureTask.run(FutureTask.java:317)
at java.base/java.util.concurrent.ThreadPoolExecutor.runWorker(ThreadPoolExecutor.java:1144)
at java.base/java.util.concurrent.ThreadPoolExecutor$Worker.run(ThreadPoolExecutor.java:642)
at java.base/java.lang.Thread.run(Thread.java:1583)
... Removed 18 stack frames]]>
    </failure>
  </testcase> <!-- verifyOrangeHRMLogo -->
</testsuite> <!-- OrangeHRMTest_edge -->
