<?xml version="1.0" encoding="UTF-8"?>
<!-- Generated by org.testng.reporters.JUnitXMLReporter -->
<testsuite ignored="0" hostname="Lucifer" failures="0" tests="2" name="OrangeHRMTest_firefox" time="0.961" errors="0" timestamp="2025-09-20T15:25:59 IST">
  <testcase classname="com.orangehrm.test.LoginPageTest" name="inValidLoginTest" time="0.0">
    <skipped/>
  </testcase> <!-- inValidLoginTest -->
  <testcase classname="com.orangehrm.test.LoginPageTest" name="verifyValidLoginTest" time="0.0">
    <skipped/>
  </testcase> <!-- verifyValidLoginTest -->
</testsuite> <!-- OrangeHRMTest_firefox -->
