<?xml version="1.0" encoding="UTF-8"?>
<!-- Generated by org.testng.reporters.JUnitXMLReporter -->
<testsuite ignored="0" hostname="Lucifer" failures="1" tests="3" name="OrangeHRMTest1" time="79.457" errors="0" timestamp="2025-09-16T00:56:07 IST">
  <testcase classname="com.orangehrm.test.DBVerificationTest" name="verifyEmployeeNameVerificationFromDB" time="64.175">
    <skipped/>
  </testcase> <!-- verifyEmployeeNameVerificationFromDB -->
  <testcase classname="com.orangehrm.test.DBVerificationTest" name="verifyEmployeeNameVerificationFromDB" time="1.086">
    <skipped/>
  </testcase> <!-- verifyEmployeeNameVerificationFromDB -->
  <testcase classname="com.orangehrm.test.DBVerificationTest" name="verifyEmployeeNameVerificationFromDB" time="1.083">
    <failure type="java.lang.AssertionError" message="The following asserts failed:
	First and Middle name are not Matching expected [true] but found [false],
	expected [true] but found [false],
	First and Middle name are not Matching expected [true] but found [false],
	expected [true] but found [false],
	First and Middle name are not Matching expected [true] but found [false],
	expected [true] but found [false]">
      <![CDATA[java.lang.AssertionError: The following asserts failed:
First and Middle name are not Matching expected [true] but found [false],
expected [true] but found [false],
First and Middle name are not Matching expected [true] but found [false],
expected [true] but found [false],
First and Middle name are not Matching expected [true] but found [false],
expected [true] but found [false]
at com.orangehrm.test.DBVerificationTest.verifyEmployeeNameVerificationFromDB(DBVerificationTest.java:68)
at java.base/java.util.ArrayList.forEach(ArrayList.java:1596)
... Removed 27 stack frames]]>
    </failure>
  </testcase> <!-- verifyEmployeeNameVerificationFromDB -->
</testsuite> <!-- OrangeHRMTest1 -->
