<?xml version="1.0" encoding="UTF-8"?>
<!-- Generated by org.testng.reporters.JUnitXMLReporter -->
<testsuite ignored="2" hostname="Lucifer" failures="0" tests="4" name="OrangeHRMTest2" time="50.46" errors="0" timestamp="2025-08-31T16:31:14 IST">
  <testcase classname="com.orangehrm.test.DummyClassTest" name="dummyTest" time="0.013"/>
  <testcase classname="com.orangehrm.test.LoginPageTest" name="inValidLoginTest" time="3.877"/>
  <testcase classname="com.orangehrm.test.LoginPageTest" name="verifyValidLoginTest" time="8.325"/>
  <testcase classname="com.orangehrm.test.HomePageTest" name="verifyOrangeHRMLogo" time="0.489"/>
  <testcase classname="com.orangehrm.base.BaseClass" name="@BeforeSuite loadConfig" time="0.0">
    <ignored/>
  </testcase> <!-- @BeforeSuite loadConfig -->
  <testcase classname="com.orangehrm.base.BaseClass" name="@BeforeSuite loadConfig" time="0.0">
    <ignored/>
  </testcase> <!-- @BeforeSuite loadConfig -->
</testsuite> <!-- OrangeHRMTest2 -->
