<?xml version="1.0" encoding="UTF-8"?>
<!-- Generated by org.testng.reporters.JUnitXMLReporter -->
<testsuite ignored="0" hostname="Lucifer" failures="1" tests="1" name="OrangeHRMTest1(failed)(failed)" time="7.417" errors="0" timestamp="2025-09-11T15:26:16 IST">
  <testcase classname="com.orangehrm.test.HomePageTest" name="verifyOrangeHRMLogo" time="0.225">
    <failure type="java.lang.NullPointerException" message="Cannot invoke &amp;quot;com.aventstack.extentreports.ExtentTest.fail(String)&amp;quot; because the return value of &amp;quot;com.orangehrm.utilities.ExtentManager.getTest()&amp;quot; is null">
      <![CDATA[java.lang.NullPointerException: Cannot invoke "com.aventstack.extentreports.ExtentTest.fail(String)" because the return value of "com.orangehrm.utilities.ExtentManager.getTest()" is null
at com.orangehrm.utilities.ExtentManager.logFailure(ExtentManager.java:94)
at com.orangehrm.actiondriver.ActionDriver.click(ActionDriver.java:63)
at com.orangehrm.pages.LoginPage.login(LoginPage.java:30)
at com.orangehrm.test.HomePageTest.verifyOrangeHRMLogo(HomePageTest.java:24)
at java.base/java.util.concurrent.Executors$RunnableAdapter.call(Executors.java:572)
at java.base/java.util.concurrent.FutureTask.run(FutureTask.java:317)
at java.base/java.util.concurrent.ThreadPoolExecutor.runWorker(ThreadPoolExecutor.java:1144)
at java.base/java.util.concurrent.ThreadPoolExecutor$Worker.run(ThreadPoolExecutor.java:642)
at java.base/java.lang.Thread.run(Thread.java:1583)
... Removed 11 stack frames]]>
    </failure>
  </testcase> <!-- verifyOrangeHRMLogo -->
</testsuite> <!-- OrangeHRMTest1(failed)(failed) -->
