<?xml version="1.0" encoding="UTF-8"?>
<testsuite xmlns:xsi="http://www.w3.org/2001/XMLSchema-instance" xsi:noNamespaceSchemaLocation="https://maven.apache.org/surefire/maven-surefire-plugin/xsd/surefire-test-report.xsd" version="3.0.1" name="TestSuite" time="10.246" tests="1" errors="0" skipped="0" failures="0">
  <properties>
[...]
</properties>
  <testcase name="verifyEmployeeNameVerificationFromDB[1, Manish](1)" classname="com.orangehrm.test.DBVerificationTest" time="4.713">
    <system-out><![CDATA[2025-09-16 02:05:31 [main] &amp#27;[32mINFO &amp#27;[m com.orangehrm.base.BaseClass - config.properties file loaded
Setting up WebDriver for:DBVerificationTest
2025-09-16 02:05:35 [main] &amp#27;[32mINFO &amp#27;[m com.orangehrm.base.BaseClass - WebDriver Initialized and Browser Maximized
2025-09-16 02:05:35 [main] &amp#27;[32mINFO &amp#27;[m com.orangehrm.actiondriver.ActionDriver - WebDriver instance is created
2025-09-16 02:05:35 [main] &amp#27;[32mINFO &amp#27;[m com.orangehrm.base.BaseClass - ActionDriver initialized for thread: 1
2025-09-16 02:05:36 [main] &amp#27;[32mINFO &amp#27;[m com.orangehrm.actiondriver.ActionDriver - Applied the border with color green to element: Element with name: username
2025-09-16 02:05:36 [main] &amp#27;[32mINFO &amp#27;[m com.orangehrm.actiondriver.ActionDriver - Entered text on Element with name: username-->dhoni
2025-09-16 02:05:36 [main] &amp#27;[32mINFO &amp#27;[m com.orangehrm.actiondriver.ActionDriver - Applied the border with color green to element: Element with name: password
2025-09-16 02:05:36 [main] &amp#27;[32mINFO &amp#27;[m com.orangehrm.actiondriver.ActionDriver - Entered text on Element with name: password-->Vir@t1831
2025-09-16 02:05:36 [main] &amp#27;[32mINFO &amp#27;[m com.orangehrm.actiondriver.ActionDriver - Applied the border with color green to element: Element with text: Login
2025-09-16 02:05:36 [main] &amp#27;[32mINFO &amp#27;[m com.orangehrm.actiondriver.ActionDriver - Clicked on element: Element with text: Login
2025-09-16 02:05:37 [main] &amp#27;[32mINFO &amp#27;[m com.orangehrm.actiondriver.ActionDriver - Applied the border with color green to element: Element with text: PIM
2025-09-16 02:05:38 [main] &amp#27;[32mINFO &amp#27;[m com.orangehrm.actiondriver.ActionDriver - Clicked on element: Element with text: PIM
2025-09-16 02:05:38 [main] &amp#27;[32mINFO &amp#27;[m com.orangehrm.actiondriver.ActionDriver - Applied the border with color green to element: Element with placeholder: Type for hints...
2025-09-16 02:05:38 [main] &amp#27;[32mINFO &amp#27;[m com.orangehrm.actiondriver.ActionDriver - Entered text on Element with placeholder: Type for hints...-->Manish
2025-09-16 02:05:38 [main] &amp#27;[32mINFO &amp#27;[m com.orangehrm.actiondriver.ActionDriver - Applied the border with color green to element: Element with text: Search
2025-09-16 02:05:38 [main] &amp#27;[32mINFO &amp#27;[m com.orangehrm.actiondriver.ActionDriver - Clicked on element: Element with text: Search
2025-09-16 02:05:39 [main] &amp#27;[31mERROR&amp#27;[m com.orangehrm.actiondriver.ActionDriver - Unable to locate element: javascript error: scrollIntoViw is not defined
  (Session info: chrome=140.0.7339.128)
Build info: version: '4.27.0', revision: 'd6e718d134'
System info: os.name: 'Windows 11', os.arch: 'amd64', os.version: '10.0', java.version: '21.0.6'
Driver info: org.openqa.selenium.chrome.ChromeDriver
Command: [1d65e95f62692454153ad549758f8388, executeScript {args=[{element-6066-11e4-a52e-4f735466cecf=f.31ED0C0BBD3337B8202899D2FBEB1946.d.0AA0EA4BCBFF659FE35E6E1E0ACCA7D3.e.63}], script=arguments[0],scrollIntoViw(true);}]
Capabilities {acceptInsecureCerts: false, browserName: chrome, browserVersion: 140.0.7339.128, chrome: {chromedriverVersion: 140.0.7339.82 (bc93617e21c3..., userDataDir: C:\Users\ASUS\AppData\Local...}, fedcm:accounts: true, goog:chromeOptions: {debuggerAddress: localhost:58703}, networkConnectionEnabled: false, pageLoadStrategy: normal, platformName: windows, proxy: Proxy(), se:cdp: ws://localhost:58703/devtoo..., se:cdpVersion: 140.0.7339.128, setWindowRect: true, strictFileInteractability: false, timeouts: {implicit: 0, pageLoad: 300000, script: 30000}, unhandledPromptBehavior: dismiss and notify, webauthn:extension:credBlob: true, webauthn:extension:largeBlob: true, webauthn:extension:minPinLength: true, webauthn:extension:prf: true, webauthn:virtualAuthenticators: true}
Session ID: 1d65e95f62692454153ad549758f8388
2025-09-16 02:05:40 [main] &amp#27;[32mINFO &amp#27;[m com.orangehrm.base.BaseClass - Starting DB Connection...
2025-09-16 02:05:40 [main] &amp#27;[32mINFO &amp#27;[m com.orangehrm.base.BaseClass - DB Connection Successful
2025-09-16 02:05:40 [main] &amp#27;[32mINFO &amp#27;[m com.orangehrm.base.BaseClass - Executing query: SELECT emp_firstname, emp_middle_name, emp_lastname FROM hs_hr_employee WHERE employee_id =1
2025-09-16 02:05:40 [main] &amp#27;[32mINFO &amp#27;[m com.orangehrm.base.BaseClass - Query Executed Successfully
2025-09-16 02:05:40 [main] &amp#27;[32mINFO &amp#27;[m com.orangehrm.base.BaseClass - Employee Data Fetched: {firstName=Manish, lastName=Verma, middleName=}
2025-09-16 02:05:40 [main] &amp#27;[32mINFO &amp#27;[m com.orangehrm.actiondriver.ActionDriver - Texts are Matching:Manish equals Manish
2025-09-16 02:05:40 [main] &amp#27;[32mINFO &amp#27;[m com.orangehrm.actiondriver.ActionDriver - Texts are Matching:Verma equals Verma
]]></system-out>
    <system-err><![CDATA[SLF4J: Failed to load class "org.slf4j.impl.StaticLoggerBinder".
SLF4J: Defaulting to no-operation (NOP) logger implementation
SLF4J: See http://www.slf4j.org/codes.html#StaticLoggerBinder for further details.
Sept 16, 2025 2:05:32 AM org.openqa.selenium.devtools.CdpVersionFinder findNearestMatch
WARNING: Unable to find CDP implementation matching 140
Sept 16, 2025 2:05:32 AM org.openqa.selenium.chromium.ChromiumDriver lambda$new$5
WARNING: Unable to find version of CDP to use for 140.0.7339.128. You may need to include a dependency on a specific version of the CDP using something similar to `org.seleniumhq.selenium:selenium-devtools-v86:4.27.0` where the version ("v86") matches the version of the chromium-based browser you're using and the version number of the artifact is the same as Selenium's.
Sept 16, 2025 2:05:40 AM io.opentelemetry.api.GlobalOpenTelemetry maybeAutoConfigureAndSetGlobal
INFO: AutoConfiguredOpenTelemetrySdk found on classpath but automatic configuration is disabled. To enable, run your JVM with -Dotel.java.global-autoconfigure.enabled=true
]]></system-err>
  </testcase>
</testsuite>