<?xml version="1.0" encoding="UTF-8"?>
<testng-results ignored="1" total="2" passed="1" failed="0" skipped="0">
  <reporter-output>
  </reporter-output>
  <suite started-at="2025-08-26T15:01:42 IST" name="Default suite" finished-at="2025-08-26T15:01:54 IST" duration-ms="11144">
    <groups>
    </groups>
    <test started-at="2025-08-26T15:01:42 IST" name="Default test" finished-at="2025-08-26T15:01:54 IST" duration-ms="11144">
      <class name="com.orangehrm.test.LoginPageTest">
        <test-method is-config="true" signature="loadConfig()[pri:0, instance:com.orangehrm.test.LoginPageTest@65f8f5ae]" started-at="2025-08-26T15:01:42 IST" name="loadConfig" finished-at="2025-08-26T15:01:42 IST" duration-ms="15" status="PASS">
          <reporter-output>
          </reporter-output>
        </test-method> <!-- loadConfig -->
        <test-method is-config="true" signature="setup()[pri:0, instance:com.orangehrm.test.LoginPageTest@65f8f5ae]" started-at="2025-08-26T15:01:43 IST" name="setup" finished-at="2025-08-26T15:01:49 IST" duration-ms="6665" status="PASS">
          <reporter-output>
          </reporter-output>
        </test-method> <!-- setup -->
        <test-method is-config="true" signature="setupPages()[pri:0, instance:com.orangehrm.test.LoginPageTest@65f8f5ae]" started-at="2025-08-26T15:01:49 IST" name="setupPages" finished-at="2025-08-26T15:01:49 IST" duration-ms="3" status="PASS">
          <reporter-output>
          </reporter-output>
        </test-method> <!-- setupPages -->
        <test-method signature="inValidLoginTest()[pri:0, instance:com.orangehrm.test.LoginPageTest@65f8f5ae]" started-at="2025-08-26T15:01:49 IST" name="inValidLoginTest" finished-at="2025-08-26T15:01:53 IST" duration-ms="4225" status="PASS">
          <reporter-output>
          </reporter-output>
        </test-method> <!-- inValidLoginTest -->
        <test-method is-config="true" signature="tearDown()[pri:0, instance:com.orangehrm.test.LoginPageTest@65f8f5ae]" started-at="2025-08-26T15:01:53 IST" name="tearDown" finished-at="2025-08-26T15:01:54 IST" duration-ms="194" status="PASS">
          <reporter-output>
          </reporter-output>
        </test-method> <!-- tearDown -->
      </class> <!-- com.orangehrm.test.LoginPageTest -->
    </test> <!-- Default test -->
  </suite> <!-- Default suite -->
</testng-results>
